# JRE version: Java(TM) SE Runtime Environment (14.0.2+12) (build 14.0.2+12-46)
# Java VM: Java HotSpot(TM) 64-Bit Server VM (14.0.2+12-46, mixed mode, sharing, tiered, compressed oops, g1 gc, windows-amd64)
Heap:
 garbage-first heap   total 386048K, used 251311K [0x0000000080000000, 0x0000000100000000)
  region size 1024K, 39 young (39936K), 7 survivors (7168K)
 Metaspace       used 120122K, capacity 127473K, committed 127812K, reserved 624640K
  class space    used 16477K, capacity 19216K, committed 19352K, reserved 516096K
GC Heap History (20 events):
Event: 9571.116 GC heap before
{Heap before GC invocations=73 (full 0):
 garbage-first heap   total 293888K, used 177960K [0x0000000080000000, 0x0000000100000000)
  region size 1024K, 15 young (15360K), 7 survivors (7168K)
 Metaspace       used 106492K, capacity 112757K, committed 113092K, reserved 612352K
  class space    used 14734K, capacity 17054K, committed 17176K, reserved 516096K
}
Event: 9571.124 GC heap after
{Heap after GC invocations=74 (full 0):
 garbage-first heap   total 293888K, used 175472K [0x0000000080000000, 0x0000000100000000)
  region size 1024K, 7 young (7168K), 7 survivors (7168K)
 Metaspace       used 106492K, capacity 112757K, committed 113092K, reserved 612352K
  class space    used 14734K, capacity 17054K, committed 17176K, reserved 516096K
}
Event: 9572.229 GC heap before
{Heap before GC invocations=75 (full 0):
 garbage-first heap   total 311296K, used 231792K [0x0000000080000000, 0x0000000100000000)
  region size 1024K, 60 young (61440K), 7 survivors (7168K)
 Metaspace       used 108555K, capacity 114961K, committed 115140K, reserved 614400K
  class space    used 15007K, capacity 17398K, committed 17432K, reserved 516096K
}
Event: 9572.237 GC heap after
{Heap after GC invocations=76 (full 0):
 garbage-first heap   total 311296K, used 182598K [0x0000000080000000, 0x0000000100000000)
  region size 1024K, 5 young (5120K), 5 survivors (5120K)
 Metaspace       used 108555K, capacity 114961K, committed 115140K, reserved 614400K
  class space    used 15007K, capacity 17398K, committed 17432K, reserved 516096K
}
Event: 9574.475 GC heap before
{Heap before GC invocations=76 (full 0):
 garbage-first heap   total 311296K, used 237894K [0x0000000080000000, 0x0000000100000000)
  region size 1024K, 61 young (62464K), 5 survivors (5120K)
 Metaspace       used 108905K, capacity 115502K, committed 115780K, reserved 614400K
  class space    used 15058K, capacity 17505K, committed 17560K, reserved 516096K
}
Event: 9574.485 GC heap after
{Heap after GC invocations=77 (full 0):
 garbage-first heap   total 311296K, used 188980K [0x0000000080000000, 0x0000000100000000)
  region size 1024K, 9 young (9216K), 9 survivors (9216K)
 Metaspace       used 108905K, capacity 115502K, committed 115780K, reserved 614400K
  class space    used 15058K, capacity 17505K, committed 17560K, reserved 516096K
}
Event: 9575.017 GC heap before
{Heap before GC invocations=78 (full 0):
 garbage-first heap   total 327680K, used 201268K [0x0000000080000000, 0x0000000100000000)
  region size 1024K, 16 young (16384K), 9 survivors (9216K)
 Metaspace       used 108905K, capacity 115502K, committed 115780K, reserved 614400K
  class space    used 15058K, capacity 17505K, committed 17560K, reserved 516096K
}
Event: 9575.027 GC heap after
{Heap after GC invocations=79 (full 0):
 garbage-first heap   total 327680K, used 199222K [0x0000000080000000, 0x0000000100000000)
  region size 1024K, 4 young (4096K), 4 survivors (4096K)
 Metaspace       used 108905K, capacity 115502K, committed 115780K, reserved 614400K
  class space    used 15058K, capacity 17505K, committed 17560K, reserved 516096K
}
Event: 9575.985 GC heap before
{Heap before GC invocations=80 (full 0):
 garbage-first heap   total 358400K, used 254518K [0x0000000080000000, 0x0000000100000000)
  region size 1024K, 58 young (59392K), 4 survivors (4096K)
 Metaspace       used 110848K, capacity 117572K, committed 117956K, reserved 616448K
  class space    used 15310K, capacity 17811K, committed 17944K, reserved 516096K
}
Event: 9575.989 GC heap after
{Heap after GC invocations=81 (full 0):
 garbage-first heap   total 358400K, used 201863K [0x0000000080000000, 0x0000000100000000)
  region size 1024K, 7 young (7168K), 7 survivors (7168K)
 Metaspace       used 110848K, capacity 117572K, committed 117956K, reserved 616448K
  class space    used 15310K, capacity 17811K, committed 17944K, reserved 516096K
}
Event: 9577.789 GC heap before
{Heap before GC invocations=81 (full 0):
 garbage-first heap   total 358400K, used 225415K [0x0000000080000000, 0x0000000100000000)
  region size 1024K, 32 young (32768K), 7 survivors (7168K)
 Metaspace       used 111022K, capacity 117830K, committed 117956K, reserved 616448K
  class space    used 15335K, capacity 17853K, committed 17944K, reserved 516096K
}
Event: 9577.801 GC heap after
{Heap after GC invocations=82 (full 0):
 garbage-first heap   total 358400K, used 204318K [0x0000000080000000, 0x0000000100000000)
  region size 1024K, 7 young (7168K), 7 survivors (7168K)
 Metaspace       used 111022K, capacity 117830K, committed 117956K, reserved 616448K
  class space    used 15335K, capacity 17853K, committed 17944K, reserved 516096K
}
Event: 9579.846 GC heap before
{Heap before GC invocations=83 (full 0):
 garbage-first heap   total 358400K, used 283166K [0x0000000080000000, 0x0000000100000000)
  region size 1024K, 83 young (84992K), 7 survivors (7168K)
 Metaspace       used 115858K, capacity 122866K, committed 123204K, reserved 620544K
  class space    used 16092K, capacity 18696K, committed 18840K, reserved 516096K
}
Event: 9579.855 GC heap after
{Heap after GC invocations=84 (full 0):
 garbage-first heap   total 358400K, used 212595K [0x0000000080000000, 0x0000000100000000)
  region size 1024K, 10 young (10240K), 10 survivors (10240K)
 Metaspace       used 115858K, capacity 122866K, committed 123204K, reserved 620544K
  class space    used 16092K, capacity 18696K, committed 18840K, reserved 516096K
}
Event: 9581.035 GC heap before
{Heap before GC invocations=84 (full 0):
 garbage-first heap   total 358400K, used 287347K [0x0000000080000000, 0x0000000100000000)
  region size 1024K, 83 young (84992K), 10 survivors (10240K)
 Metaspace       used 116101K, capacity 123101K, committed 123460K, reserved 622592K
  class space    used 16108K, capacity 18732K, committed 18840K, reserved 516096K
}
Event: 9581.065 GC heap after
{Heap after GC invocations=85 (full 0):
 garbage-first heap   total 358400K, used 214411K [0x0000000080000000, 0x0000000100000000)
  region size 1024K, 3 young (3072K), 3 survivors (3072K)
 Metaspace       used 116101K, capacity 123101K, committed 123460K, reserved 622592K
  class space    used 16108K, capacity 18732K, committed 18840K, reserved 516096K
}
Event: 9583.273 GC heap before
{Heap before GC invocations=86 (full 0):
 garbage-first heap   total 378880K, used 291211K [0x0000000080000000, 0x0000000100000000)
  region size 1024K, 78 young (79872K), 3 survivors (3072K)
 Metaspace       used 118653K, capacity 125912K, committed 126148K, reserved 624640K
  class space    used 16386K, capacity 19089K, committed 19224K, reserved 516096K
}
Event: 9583.281 GC heap after
{Heap after GC invocations=87 (full 0):
 garbage-first heap   total 378880K, used 217171K [0x0000000080000000, 0x0000000100000000)
  region size 1024K, 5 young (5120K), 5 survivors (5120K)
 Metaspace       used 118653K, capacity 125912K, committed 126148K, reserved 624640K
  class space    used 16386K, capacity 19089K, committed 19224K, reserved 516096K
}
Event: 9583.866 GC heap before
{Heap before GC invocations=87 (full 0):
 garbage-first heap   total 378880K, used 234579K [0x0000000080000000, 0x0000000100000000)
  region size 1024K, 23 young (23552K), 5 survivors (5120K)
 Metaspace       used 118722K, capacity 126118K, committed 126404K, reserved 624640K
  class space    used 16400K, capacity 19135K, committed 19224K, reserved 516096K
}
Event: 9583.873 GC heap after
{Heap after GC invocations=88 (full 0):
 garbage-first heap   total 378880K, used 218543K [0x0000000080000000, 0x0000000100000000)
  region size 1024K, 7 young (7168K), 7 survivors (7168K)
 Metaspace       used 118722K, capacity 126118K, committed 126404K, reserved 624640K
  class space    used 16400K, capacity 19135K, committed 19224K, reserved 516096K
}

