# JRE version: Java(TM) SE Runtime Environment (14.0.2+12) (build 14.0.2+12-46)
# Java VM: Java HotSpot(TM) 64-Bit Server VM (14.0.2+12-46, mixed mode, sharing, tiered, compressed oops, g1 gc, windows-amd64)
Heap:
 garbage-first heap   total 465920K, used 276982K [0x0000000080000000, 0x0000000100000000)
  region size 1024K, 34 young (34816K), 13 survivors (13312K)
 Metaspace       used 117539K, capacity 124618K, committed 124800K, reserved 622592K
  class space    used 16124K, capacity 18816K, committed 18816K, reserved 516096K
GC Heap History (20 events):
Event: 46.029 GC heap before
{Heap before GC invocations=68 (full 0):
 garbage-first heap   total 290816K, used 244182K [0x0000000080000000, 0x0000000100000000)
  region size 1024K, 77 young (78848K), 3 survivors (3072K)
 Metaspace       used 103980K, capacity 109988K, committed 110208K, reserved 610304K
  class space    used 14402K, capacity 16678K, committed 16768K, reserved 516096K
}
Event: 46.039 GC heap after
{Heap after GC invocations=69 (full 0):
 garbage-first heap   total 290816K, used 179275K [0x0000000080000000, 0x0000000100000000)
  region size 1024K, 10 young (10240K), 10 survivors (10240K)
 Metaspace       used 103980K, capacity 109988K, committed 110208K, reserved 610304K
  class space    used 14402K, capacity 16678K, committed 16768K, reserved 516096K
}
Event: 46.761 GC heap before
{Heap before GC invocations=69 (full 0):
 garbage-first heap   total 290816K, used 219211K [0x0000000080000000, 0x0000000100000000)
  region size 1024K, 50 young (51200K), 10 survivors (10240K)
 Metaspace       used 104146K, capacity 110277K, committed 110464K, reserved 610304K
  class space    used 14421K, capacity 16728K, committed 16768K, reserved 516096K
}
Event: 46.774 GC heap after
{Heap after GC invocations=70 (full 0):
 garbage-first heap   total 290816K, used 185013K [0x0000000080000000, 0x0000000100000000)
  region size 1024K, 6 young (6144K), 6 survivors (6144K)
 Metaspace       used 104146K, capacity 110277K, committed 110464K, reserved 610304K
  class space    used 14421K, capacity 16728K, committed 16768K, reserved 516096K
}
Event: 47.624 GC heap before
{Heap before GC invocations=71 (full 0):
 garbage-first heap   total 345088K, used 248501K [0x0000000080000000, 0x0000000100000000)
  region size 1024K, 62 young (63488K), 6 survivors (6144K)
 Metaspace       used 105978K, capacity 112219K, committed 112384K, reserved 612352K
  class space    used 14660K, capacity 17034K, committed 17152K, reserved 516096K
}
Event: 47.635 GC heap after
{Heap after GC invocations=72 (full 0):
 garbage-first heap   total 345088K, used 197994K [0x0000000080000000, 0x0000000100000000)
  region size 1024K, 7 young (7168K), 7 survivors (7168K)
 Metaspace       used 105978K, capacity 112219K, committed 112384K, reserved 612352K
  class space    used 14660K, capacity 17034K, committed 17152K, reserved 516096K
}
Event: 47.956 GC heap before
{Heap before GC invocations=72 (full 0):
 garbage-first heap   total 345088K, used 222570K [0x0000000080000000, 0x0000000100000000)
  region size 1024K, 33 young (33792K), 7 survivors (7168K)
 Metaspace       used 106269K, capacity 112576K, committed 112640K, reserved 612352K
  class space    used 14697K, capacity 17108K, committed 17152K, reserved 516096K
}
Event: 47.966 GC heap after
{Heap after GC invocations=73 (full 0):
 garbage-first heap   total 345088K, used 201339K [0x0000000080000000, 0x0000000100000000)
  region size 1024K, 4 young (4096K), 4 survivors (4096K)
 Metaspace       used 106269K, capacity 112576K, committed 112640K, reserved 612352K
  class space    used 14697K, capacity 17108K, committed 17152K, reserved 516096K
}
Event: 48.759 GC heap before
{Heap before GC invocations=74 (full 0):
 garbage-first heap   total 365568K, used 278139K [0x0000000080000000, 0x0000000100000000)
  region size 1024K, 79 young (80896K), 4 survivors (4096K)
 Metaspace       used 108557K, capacity 115185K, committed 115456K, reserved 614400K
  class space    used 15025K, capacity 17565K, committed 17664K, reserved 516096K
}
Event: 48.770 GC heap after
{Heap after GC invocations=75 (full 0):
 garbage-first heap   total 365568K, used 209528K [0x0000000080000000, 0x0000000100000000)
  region size 1024K, 10 young (10240K), 10 survivors (10240K)
 Metaspace       used 108557K, capacity 115185K, committed 115456K, reserved 614400K
  class space    used 15025K, capacity 17565K, committed 17664K, reserved 516096K
}
Event: 48.828 GC heap before
{Heap before GC invocations=75 (full 0):
 garbage-first heap   total 365568K, used 216696K [0x0000000080000000, 0x0000000100000000)
  region size 1024K, 18 young (18432K), 10 survivors (10240K)
 Metaspace       used 108588K, capacity 115271K, committed 115456K, reserved 614400K
  class space    used 15031K, capacity 17571K, committed 17664K, reserved 516096K
}
Event: 48.837 GC heap after
{Heap after GC invocations=76 (full 0):
 garbage-first heap   total 365568K, used 211938K [0x0000000080000000, 0x0000000100000000)
  region size 1024K, 2 young (2048K), 2 survivors (2048K)
 Metaspace       used 108588K, capacity 115271K, committed 115456K, reserved 614400K
  class space    used 15031K, capacity 17571K, committed 17664K, reserved 516096K
}
Event: 50.795 GC heap before
{Heap before GC invocations=77 (full 0):
 garbage-first heap   total 380928K, used 294882K [0x0000000080000000, 0x0000000100000000)
  region size 1024K, 82 young (83968K), 2 survivors (2048K)
 Metaspace       used 111617K, capacity 118352K, committed 118528K, reserved 618496K
  class space    used 15342K, capacity 17919K, committed 17920K, reserved 516096K
}
Event: 50.808 GC heap after
{Heap after GC invocations=78 (full 0):
 garbage-first heap   total 380928K, used 223625K [0x0000000080000000, 0x0000000100000000)
  region size 1024K, 11 young (11264K), 11 survivors (11264K)
 Metaspace       used 111617K, capacity 118352K, committed 118528K, reserved 618496K
  class space    used 15342K, capacity 17919K, committed 17920K, reserved 516096K
}
Event: 51.732 GC heap before
{Heap before GC invocations=78 (full 0):
 garbage-first heap   total 380928K, used 305545K [0x0000000080000000, 0x0000000100000000)
  region size 1024K, 91 young (93184K), 11 survivors (11264K)
 Metaspace       used 115773K, capacity 122520K, committed 122752K, reserved 620544K
  class space    used 15919K, capacity 18479K, committed 18560K, reserved 516096K
}
Event: 51.764 GC heap after
{Heap after GC invocations=79 (full 0):
 garbage-first heap   total 380928K, used 229413K [0x0000000080000000, 0x0000000100000000)
  region size 1024K, 6 young (6144K), 6 survivors (6144K)
 Metaspace       used 115773K, capacity 122520K, committed 122752K, reserved 620544K
  class space    used 15919K, capacity 18479K, committed 18560K, reserved 516096K
}
Event: 53.416 GC heap before
{Heap before GC invocations=80 (full 0):
 garbage-first heap   total 409600K, used 310309K [0x0000000080000000, 0x0000000100000000)
  region size 1024K, 85 young (87040K), 6 survivors (6144K)
 Metaspace       used 116625K, capacity 123501K, committed 123648K, reserved 622592K
  class space    used 16019K, capacity 18628K, committed 18688K, reserved 516096K
}
Event: 53.444 GC heap after
{Heap after GC invocations=81 (full 0):
 garbage-first heap   total 409600K, used 241335K [0x0000000080000000, 0x0000000100000000)
  region size 1024K, 11 young (11264K), 11 survivors (11264K)
 Metaspace       used 116625K, capacity 123501K, committed 123648K, reserved 622592K
  class space    used 16019K, capacity 18628K, committed 18688K, reserved 516096K
}
Event: 54.665 GC heap before
{Heap before GC invocations=81 (full 0):
 garbage-first heap   total 409600K, used 329399K [0x0000000080000000, 0x0000000100000000)
  region size 1024K, 97 young (99328K), 11 survivors (11264K)
 Metaspace       used 117245K, capacity 124237K, committed 124544K, reserved 622592K
  class space    used 16084K, capacity 18741K, committed 18816K, reserved 516096K
}
Event: 54.733 GC heap after
{Heap after GC invocations=82 (full 0):
 garbage-first heap   total 409600K, used 256502K [0x0000000080000000, 0x0000000100000000)
  region size 1024K, 13 young (13312K), 13 survivors (13312K)
 Metaspace       used 117245K, capacity 124237K, committed 124544K, reserved 622592K
  class space    used 16084K, capacity 18741K, committed 18816K, reserved 516096K
}

